<?xml version="1.0" encoding="UTF-8"?>
<!-- Generated by org.testng.reporters.JUnitReportReporter -->
<testsuite hostname="JunaidAhmeds-MacBook-Pro.local" name="test.TestfaceBookLogin" tests="1" failures="0" timestamp="9 Jun 2020 10:47:00 GMT" time="4.721" errors="0">
  <testcase name="login" time="4.721" classname="test.TestfaceBookLogin"/>
</testsuite> <!-- test.TestfaceBookLogin -->
